<?xml version="1.0" encoding="UTF-8"?>
<testng-results ignored="0" total="1" passed="1" failed="0" skipped="0">
  <reporter-output>
    <line>
      <![CDATA[2018-10-22 16:09:32.291 : Start tests on: https://backend.compedia.net/lms/local/compedia_services/mainservice.php?action=<br>]]>
    </line>
    <line>
      <![CDATA[2018-10-22 16:09:38.147 : FINISH All REST tests  on Environment:Backend<br>]]>
    </line>
  </reporter-output>
  <suite started-at="2018-10-22T13:09:32Z" name="Default suite" finished-at="2018-10-22T13:09:39Z" duration-ms="6911">
    <groups>
      <group name="sanity">
        <method signature="Tests_API_REST_FULL.apiTestGetOrganizationLicensing(int)[pri:1, instance:com.italam.tests.Tests_API_REST_FULL@46f699d5]" name="apiTestGetOrganizationLicensing" class="com.italam.tests.Tests_API_REST_FULL"/>
      </group> <!-- sanity -->
    </groups>
    <test started-at="2018-10-22T13:09:32Z" name="Default test" finished-at="2018-10-22T13:09:39Z" duration-ms="6911">
      <class name="com.italam.tests.Tests_API_REST_FULL">
        <test-method is-config="true" signature="Test_prepration()[pri:0, instance:com.italam.tests.Tests_API_REST_FULL@46f699d5]" started-at="2018-10-22T13:09:32Z" name="Test_prepration" finished-at="2018-10-22T13:09:32Z" duration-ms="20" status="PASS">
          <reporter-output>
            <line>
              <![CDATA[2018-10-22 16:09:32.291 : Start tests on: https://backend.compedia.net/lms/local/compedia_services/mainservice.php?action=<br>]]>
            </line>
          </reporter-output>
        </test-method> <!-- Test_prepration -->
        <test-method signature="apiTestGetOrganizationLicensing(int)[pri:1, instance:com.italam.tests.Tests_API_REST_FULL@46f699d5]" started-at="2018-10-22T13:09:32Z" name="apiTestGetOrganizationLicensing" data-provider="iteration" finished-at="2018-10-22T13:09:38Z" duration-ms="5835" status="PASS">
          <params>
            <param index="0">
              <value>
                <![CDATA[1]]>
              </value>
            </param>
          </params>
          <reporter-output>
            <line>
              <![CDATA[2018-10-22 16:09:38.147 : FINISH All REST tests  on Environment:Backend<br>]]>
            </line>
          </reporter-output>
        </test-method> <!-- apiTestGetOrganizationLicensing -->
        <test-method is-config="true" signature="Exit_Clean_After_Test()[pri:0, instance:com.italam.tests.Tests_API_REST_FULL@46f699d5]" started-at="2018-10-22T13:09:38Z" name="Exit_Clean_After_Test" finished-at="2018-10-22T13:09:39Z" duration-ms="1000" status="PASS">
          <reporter-output>
          </reporter-output>
        </test-method> <!-- Exit_Clean_After_Test -->
        <test-method is-config="true" signature="End_Exectuion()[pri:0, instance:com.italam.tests.Tests_API_REST_FULL@46f699d5]" started-at="2018-10-22T13:09:39Z" name="End_Exectuion" finished-at="2018-10-22T13:09:39Z" duration-ms="1" status="PASS">
          <reporter-output>
          </reporter-output>
        </test-method> <!-- End_Exectuion -->
      </class> <!-- com.italam.tests.Tests_API_REST_FULL -->
    </test> <!-- Default test -->
  </suite> <!-- Default suite -->
</testng-results>
