<?xml version="1.0" encoding="UTF-8"?>
<!-- Generated by org.testng.reporters.JUnitXMLReporter -->
<testsuite hostname="YKM-MIS-006" ignored="0" name="Sanity Test - Hot Net 3" tests="5" failures="4" timestamp="17 אוק 2017 11:43:29 GMT" time="390.909" errors="0">
  <testcase name="הוט_נט_הקמת_לקוח_148295" time="291.324" classname="com.crm.tests.SanityHotNet"/>
  <testcase name="הוט_נט_הקמת_לקוח_148295" time="5.327" classname="com.crm.tests.SanityHotNet">
    <failure/>
  </testcase> <!-- הוט_נט_הקמת_לקוח_148295 -->
  <testcase name="הוט_נט_הקמת_לקוח_148295" time="5.063" classname="com.crm.tests.SanityHotNet">
    <failure/>
  </testcase> <!-- הוט_נט_הקמת_לקוח_148295 -->
  <testcase name="הוט_נט_הקמת_לקוח_148295" time="5.374" classname="com.crm.tests.SanityHotNet">
    <failure/>
  </testcase> <!-- הוט_נט_הקמת_לקוח_148295 -->
  <testcase name="הוט_נט_הקמת_לקוח_148295" time="5.147" classname="com.crm.tests.SanityHotNet">
    <failure/>
  </testcase> <!-- הוט_נט_הקמת_לקוח_148295 -->
</testsuite> <!-- Sanity Test - Hot Net 3 -->
