<?xml version="1.0" encoding="UTF-8"?>
<!-- Generated by org.testng.reporters.JUnitXMLReporter -->
<testsuite hostname="HOT-AutoSRV-01" ignored="0" name="SanityCRM" tests="5" failures="5" timestamp="05 Dec 2017 04:53:44 GMT" time="388.065" errors="0">
  <testcase name="קריאת_שירות_פדקס_תסריט" time="14.724" classname="com.crm.tests.SanityCRM">
    <failure/>
  </testcase> <!-- קריאת_שירות_פדקס_תסריט -->
  <testcase name="שליחת_דף_מקדים_מייל" time="25.297" classname="com.crm.tests.SanityCRM">
    <failure/>
  </testcase> <!-- שליחת_דף_מקדים_מייל -->
  <testcase name="שליחת_דף_מקדים_מייל" time="8.652" classname="com.crm.tests.SanityCRM">
    <failure/>
  </testcase> <!-- שליחת_דף_מקדים_מייל -->
  <testcase name="שליחת_דף_מקדים" time="14.554" classname="com.crm.tests.SanityCRM">
    <failure type="org.openqa.selenium.NoSuchElementException" message="Unable to find element with id == ptpgltlbl_HT_PTL_CST_INFO_GBL (WARNING: The server did not provide any stacktrace information)
Command duration or timeout: 5.20 seconds
For documentation on this error, please visit: http://seleniumhq.org/exceptions/no_such_element.html
Build info: version: &amp;apos;unknown&amp;apos;, revision: &amp;apos;unknown&amp;apos;, time: &amp;apos;unknown&amp;apos;
System info: host: &amp;apos;HOT-AUTOSRV-01&amp;apos;, ip: &amp;apos;8.200.4.15&amp;apos;, os.name: &amp;apos;Windows Server 2012 R2&amp;apos;, os.arch: &amp;apos;amd64&amp;apos;, os.version: &amp;apos;6.3&amp;apos;, java.version: &amp;apos;1.8.0_131&amp;apos;
Driver info: org.openqa.selenium.ie.InternetExplorerDriver
Capabilities [{se:ieOptions={browserAttachTimeout=0.0, ie.enableFullPageScreenshot=true, enablePersistentHover=true, ie.forceCreateProcessApi=false, ie.forceShellWindowsApi=false, ignoreZoomSetting=false, ie.fileUploadDialogTimeout=3000.0, ie.useLegacyFileUploadDialogHandling=false, nativeEvents=true, ie.ensureCleanSession=false, elementScrollBehavior=0.0, ie.browserCommandLineSwitches=, requireWindowFocus=false, initialBrowserUrl=http://localhost:37498/, ignoreProtectedModeSettings=false, enableElementCacheCleanup=true}, browserName=internet explorer, pageLoadStrategy=normal, javascriptEnabled=true, version=11, platform=WINDOWS, unexpectedAlertBehaviour=dismiss}]
Session ID: 1edf6ea8-9ec2-4c3c-8048-7565f4577157
*** Element info: {Using=id, value=ptpgltlbl_HT_PTL_CST_INFO_GBL}">
      <![CDATA[org.openqa.selenium.NoSuchElementException: Unable to find element with id == ptpgltlbl_HT_PTL_CST_INFO_GBL (WARNING: The server did not provide any stacktrace information)
Command duration or timeout: 5.20 seconds
For documentation on this error, please visit: http://seleniumhq.org/exceptions/no_such_element.html
Build info: version: 'unknown', revision: 'unknown', time: 'unknown'
System info: host: 'HOT-AUTOSRV-01', ip: '8.200.4.15', os.name: 'Windows Server 2012 R2', os.arch: 'amd64', os.version: '6.3', java.version: '1.8.0_131'
Driver info: org.openqa.selenium.ie.InternetExplorerDriver
Capabilities [{se:ieOptions={browserAttachTimeout=0.0, ie.enableFullPageScreenshot=true, enablePersistentHover=true, ie.forceCreateProcessApi=false, ie.forceShellWindowsApi=false, ignoreZoomSetting=false, ie.fileUploadDialogTimeout=3000.0, ie.useLegacyFileUploadDialogHandling=false, nativeEvents=true, ie.ensureCleanSession=false, elementScrollBehavior=0.0, ie.browserCommandLineSwitches=, requireWindowFocus=false, initialBrowserUrl=http://localhost:37498/, ignoreProtectedModeSettings=false, enableElementCacheCleanup=true}, browserName=internet explorer, pageLoadStrategy=normal, javascriptEnabled=true, version=11, platform=WINDOWS, unexpectedAlertBehaviour=dismiss}]
Session ID: 1edf6ea8-9ec2-4c3c-8048-7565f4577157
*** Element info: {Using=id, value=ptpgltlbl_HT_PTL_CST_INFO_GBL}
	at org.openqa.selenium.remote.ErrorHandler.createThrowable(ErrorHandler.java:215)
	at org.openqa.selenium.remote.ErrorHandler.throwIfResponseFailed(ErrorHandler.java:167)
	at org.openqa.selenium.remote.RemoteWebDriver.execute(RemoteWebDriver.java:671)
	at org.openqa.selenium.remote.RemoteWebDriver.findElement(RemoteWebDriver.java:410)
	at org.openqa.selenium.remote.RemoteWebDriver.findElementById(RemoteWebDriver.java:453)
	at org.openqa.selenium.By$ById.findElement(By.java:218)
	at org.openqa.selenium.remote.RemoteWebDriver.findElement(RemoteWebDriver.java:402)
	at org.openqa.selenium.support.pagefactory.DefaultElementLocator.findElement(DefaultElementLocator.java:69)
	at org.openqa.selenium.support.pagefactory.internal.LocatingElementHandler.invoke(LocatingElementHandler.java:38)
	at com.sun.proxy.$Proxy27.getText(Unknown Source)
	at com.hotportal.pages.BasePage.isTextAppearInWL(BasePage.java:626)
	at com.crm.pages.CRMHomePage.searchSite(CRMHomePage.java:88)
	at com.crm.tests.SanityCRM.שליחת_דף_מקדים(SanityCRM.java:231)
... Removed 28 stack frames]]>
    </failure>
  </testcase> <!-- שליחת_דף_מקדים -->
  <testcase name="שליחת_דף_מקדים" time="14.531" classname="com.crm.tests.SanityCRM">
    <failure type="org.openqa.selenium.NoSuchElementException" message="Unable to find element with id == ptpgltlbl_HT_PTL_CST_INFO_GBL (WARNING: The server did not provide any stacktrace information)
Command duration or timeout: 5.05 seconds
For documentation on this error, please visit: http://seleniumhq.org/exceptions/no_such_element.html
Build info: version: &amp;apos;unknown&amp;apos;, revision: &amp;apos;unknown&amp;apos;, time: &amp;apos;unknown&amp;apos;
System info: host: &amp;apos;HOT-AUTOSRV-01&amp;apos;, ip: &amp;apos;8.200.4.15&amp;apos;, os.name: &amp;apos;Windows Server 2012 R2&amp;apos;, os.arch: &amp;apos;amd64&amp;apos;, os.version: &amp;apos;6.3&amp;apos;, java.version: &amp;apos;1.8.0_131&amp;apos;
Driver info: org.openqa.selenium.ie.InternetExplorerDriver
Capabilities [{se:ieOptions={browserAttachTimeout=0.0, ie.enableFullPageScreenshot=true, enablePersistentHover=true, ie.forceCreateProcessApi=false, ie.forceShellWindowsApi=false, ignoreZoomSetting=false, ie.fileUploadDialogTimeout=3000.0, ie.useLegacyFileUploadDialogHandling=false, nativeEvents=true, ie.ensureCleanSession=false, elementScrollBehavior=0.0, ie.browserCommandLineSwitches=, requireWindowFocus=false, initialBrowserUrl=http://localhost:37498/, ignoreProtectedModeSettings=false, enableElementCacheCleanup=true}, browserName=internet explorer, pageLoadStrategy=normal, javascriptEnabled=true, version=11, platform=WINDOWS, unexpectedAlertBehaviour=dismiss}]
Session ID: 1edf6ea8-9ec2-4c3c-8048-7565f4577157
*** Element info: {Using=id, value=ptpgltlbl_HT_PTL_CST_INFO_GBL}">
      <![CDATA[org.openqa.selenium.NoSuchElementException: Unable to find element with id == ptpgltlbl_HT_PTL_CST_INFO_GBL (WARNING: The server did not provide any stacktrace information)
Command duration or timeout: 5.05 seconds
For documentation on this error, please visit: http://seleniumhq.org/exceptions/no_such_element.html
Build info: version: 'unknown', revision: 'unknown', time: 'unknown'
System info: host: 'HOT-AUTOSRV-01', ip: '8.200.4.15', os.name: 'Windows Server 2012 R2', os.arch: 'amd64', os.version: '6.3', java.version: '1.8.0_131'
Driver info: org.openqa.selenium.ie.InternetExplorerDriver
Capabilities [{se:ieOptions={browserAttachTimeout=0.0, ie.enableFullPageScreenshot=true, enablePersistentHover=true, ie.forceCreateProcessApi=false, ie.forceShellWindowsApi=false, ignoreZoomSetting=false, ie.fileUploadDialogTimeout=3000.0, ie.useLegacyFileUploadDialogHandling=false, nativeEvents=true, ie.ensureCleanSession=false, elementScrollBehavior=0.0, ie.browserCommandLineSwitches=, requireWindowFocus=false, initialBrowserUrl=http://localhost:37498/, ignoreProtectedModeSettings=false, enableElementCacheCleanup=true}, browserName=internet explorer, pageLoadStrategy=normal, javascriptEnabled=true, version=11, platform=WINDOWS, unexpectedAlertBehaviour=dismiss}]
Session ID: 1edf6ea8-9ec2-4c3c-8048-7565f4577157
*** Element info: {Using=id, value=ptpgltlbl_HT_PTL_CST_INFO_GBL}
	at org.openqa.selenium.remote.ErrorHandler.createThrowable(ErrorHandler.java:215)
	at org.openqa.selenium.remote.ErrorHandler.throwIfResponseFailed(ErrorHandler.java:167)
	at org.openqa.selenium.remote.RemoteWebDriver.execute(RemoteWebDriver.java:671)
	at org.openqa.selenium.remote.RemoteWebDriver.findElement(RemoteWebDriver.java:410)
	at org.openqa.selenium.remote.RemoteWebDriver.findElementById(RemoteWebDriver.java:453)
	at org.openqa.selenium.By$ById.findElement(By.java:218)
	at org.openqa.selenium.remote.RemoteWebDriver.findElement(RemoteWebDriver.java:402)
	at org.openqa.selenium.support.pagefactory.DefaultElementLocator.findElement(DefaultElementLocator.java:69)
	at org.openqa.selenium.support.pagefactory.internal.LocatingElementHandler.invoke(LocatingElementHandler.java:38)
	at com.sun.proxy.$Proxy27.getText(Unknown Source)
	at com.hotportal.pages.BasePage.isTextAppearInWL(BasePage.java:626)
	at com.crm.pages.CRMHomePage.searchSite(CRMHomePage.java:88)
	at com.crm.tests.SanityCRM.שליחת_דף_מקדים(SanityCRM.java:231)
... Removed 28 stack frames]]>
    </failure>
  </testcase> <!-- שליחת_דף_מקדים -->
</testsuite> <!-- SanityCRM -->
