<?xml version="1.0" encoding="UTF-8"?>
<!-- Generated by org.testng.reporters.JUnitXMLReporter -->
<testsuite hostname="HOT-AutoSRV-01" ignored="1" name="SanityHotNet_Negative" tests="5" failures="0" timestamp="05 Dec 2017 07:24:34 GMT" time="511.915" errors="0">
  <testcase name="הוט_נט_הקמת_לקוח_עסקי_בדיקת_שדות_חובה" time="292.193" classname="com.crm.tests.SanityHotNet_Negative"/>
  <testcase name="הוט_נט_הקמת_לקוח_בעזרת_דרכון_ללא_הרשאה" time="22.273" classname="com.crm.tests.SanityHotNet_Negative"/>
  <testcase name="הוט_נט_הקמת_לקוח_שובר_ללא_הרשאה" time="70.613" classname="com.crm.tests.SanityHotNet_Negative"/>
  <testcase name="הוט_נט_הקמת_לקוח_הוראת_קבע_ללא_הרשאה" time="68.147" classname="com.crm.tests.SanityHotNet_Negative"/>
  <testcase name="הוט_נט_חיפוש_מתקדם_ללא_הרשאה_ליצרת_משתמש" time="17.798" classname="com.crm.tests.SanityHotNet_Negative"/>
  <testcase name="הוט_נט_הקמת_לקוח_בדיקת_שדות_חובה" time="0.0" classname="com.crm.tests.SanityHotNet_Negative">
    <ignored/>
  </testcase> <!-- הוט_נט_הקמת_לקוח_בדיקת_שדות_חובה -->
</testsuite> <!-- SanityHotNet_Negative -->
