<?xml version="1.0" encoding="UTF-8"?>
<!-- Generated by org.testng.reporters.JUnitXMLReporter -->
<testsuite hostname="YKM-MIS-006" ignored="0" name="Sanity - Negative tests: Hot Net" tests="1" failures="0" timestamp="18 אוק 2017 06:49:43 GMT" time="330.223" errors="0">
  <testcase name="@AfterMethod Exit_Clean_After_Test" time="0.296" classname="com.crm.tests.SanityHotNet_Negative">
    <failure type="org.openqa.selenium.UnhandledAlertException" message="Modal dialog present: התקבלה שיחה חדשה, אך קיימים במסך נתונים שלא נשמרו
CANCEL כדי לשמרם – לחץ
OK כדי לקבל את המסך עבור השיחה החדשה – לחץ
Build info: version: &amp;apos;unknown&amp;apos;, revision: &amp;apos;unknown&amp;apos;, time: &amp;apos;unknown&amp;apos;
System info: host: &amp;apos;YKM-MIS-006&amp;apos;, ip: &amp;apos;8.200.208.41&amp;apos;, os.name: &amp;apos;Windows 7&amp;apos;, os.arch: &amp;apos;amd64&amp;apos;, os.version: &amp;apos;6.1&amp;apos;, java.version: &amp;apos;1.8.0_131&amp;apos;
Driver info: org.openqa.selenium.ie.InternetExplorerDriver
Capabilities [{acceptInsecureCerts=false, browserVersion=11, se:ieOptions={nativeEvents=true, browserAttachTimeout=0.0, ie.ensureCleanSession=false, elementScrollBehavior=0.0, enablePersistentHover=true, ie.browserCommandLineSwitches=, ie.forceCreateProcessApi=false, requireWindowFocus=false, initialBrowserUrl=http://localhost:9649/, ignoreZoomSetting=false, ie.fileUploadDialogTimeout=3000.0, ignoreProtectedModeSettings=false}, browserName=internet explorer, pageLoadStrategy=normal, unhandledPromptBehavior=dismiss, javascriptEnabled=true, platformName=windows, setWindowRect=true, platform=ANY}]
Session ID: 1f08aacb-2433-4873-863c-82543f567541">
      <![CDATA[org.openqa.selenium.UnhandledAlertException: Modal dialog present: התקבלה שיחה חדשה, אך קיימים במסך נתונים שלא נשמרו
CANCEL כדי לשמרם – לחץ
OK כדי לקבל את המסך עבור השיחה החדשה – לחץ
Build info: version: 'unknown', revision: 'unknown', time: 'unknown'
System info: host: 'YKM-MIS-006', ip: '8.200.208.41', os.name: 'Windows 7', os.arch: 'amd64', os.version: '6.1', java.version: '1.8.0_131'
Driver info: org.openqa.selenium.ie.InternetExplorerDriver
Capabilities [{acceptInsecureCerts=false, browserVersion=11, se:ieOptions={nativeEvents=true, browserAttachTimeout=0.0, ie.ensureCleanSession=false, elementScrollBehavior=0.0, enablePersistentHover=true, ie.browserCommandLineSwitches=, ie.forceCreateProcessApi=false, requireWindowFocus=false, initialBrowserUrl=http://localhost:9649/, ignoreZoomSetting=false, ie.fileUploadDialogTimeout=3000.0, ignoreProtectedModeSettings=false}, browserName=internet explorer, pageLoadStrategy=normal, unhandledPromptBehavior=dismiss, javascriptEnabled=true, platformName=windows, setWindowRect=true, platform=ANY}]
Session ID: 1f08aacb-2433-4873-863c-82543f567541
	at org.openqa.selenium.remote.http.W3CHttpResponseCodec.decode(W3CHttpResponseCodec.java:113)
	at org.openqa.selenium.remote.http.W3CHttpResponseCodec.decode(W3CHttpResponseCodec.java:45)
	at org.openqa.selenium.remote.HttpCommandExecutor.execute(HttpCommandExecutor.java:164)
	at org.openqa.selenium.remote.service.DriverCommandExecutor.execute(DriverCommandExecutor.java:82)
	at org.openqa.selenium.remote.RemoteWebDriver.execute(RemoteWebDriver.java:637)
	at org.openqa.selenium.remote.RemoteWebDriver.execute(RemoteWebDriver.java:694)
	at org.openqa.selenium.remote.RemoteWebDriver$RemoteWebDriverOptions.deleteAllCookies(RemoteWebDriver.java:776)
	at com.crm.tests.SanityHotNet_Negative.Exit_Clean_After_Test(SanityHotNet_Negative.java:94)
	at java.util.concurrent.FutureTask.run(Unknown Source)
	at java.util.concurrent.ThreadPoolExecutor.runWorker(Unknown Source)
	at java.util.concurrent.ThreadPoolExecutor$Worker.run(Unknown Source)
	at java.lang.Thread.run(Unknown Source)
... Removed 18 stack frames]]>
    </failure>
  </testcase> <!-- @AfterMethod Exit_Clean_After_Test -->
  <testcase name="@AfterClass End_Exectuion" time="0.0" classname="com.crm.tests.SanityHotNet_Negative">
    <skipped/>
  </testcase> <!-- @AfterClass End_Exectuion -->
  <testcase name="הוט_נט_הקמת_לקוח_בדיקת_שדות_חובה" time="286.762" classname="com.crm.tests.SanityHotNet_Negative"/>
</testsuite> <!-- Sanity - Negative tests: Hot Net -->
