<?xml version="1.0" encoding="UTF-8"?>
<!-- Generated by org.testng.reporters.JUnitXMLReporter -->
<testsuite hostname="YKM-MIS-006" ignored="0" name="Sanity Test - Hot Net 2" tests="2" failures="2" timestamp="17 אוק 2017 12:01:36 GMT" time="107.486" errors="0">
  <testcase name="הוט_נט_הקמת_לקוח_148295" time="37.948" classname="com.crm.tests.SanityHotNet">
    <failure/>
  </testcase> <!-- הוט_נט_הקמת_לקוח_148295 -->
  <testcase name="הוט_נט_הקמת_לקוח_148295" time="5.473" classname="com.crm.tests.SanityHotNet">
    <failure/>
  </testcase> <!-- הוט_נט_הקמת_לקוח_148295 -->
</testsuite> <!-- Sanity Test - Hot Net 2 -->
