<?xml version="1.0" encoding="UTF-8"?>
<!-- Generated by org.testng.reporters.JUnitXMLReporter -->
<testsuite hostname="YKM-MIS-006" ignored="0" name="Sanity Test - Hot Net" tests="3" failures="2" timestamp="18 אוק 2017 06:41:48 GMT" time="657.833" errors="0">
  <testcase name="הוט_נט_הקמת_לקוח_148295" time="215.106" classname="com.crm.tests.SanityHotNet">
    <failure/>
  </testcase> <!-- הוט_נט_הקמת_לקוח_148295 -->
  <testcase name="הוט_נט_הקמת_לקוח_148295" time="177.612" classname="com.crm.tests.SanityHotNet"/>
  <testcase name="הוט_נט_הקמת_לקוח_148295" time="205.938" classname="com.crm.tests.SanityHotNet">
    <failure/>
  </testcase> <!-- הוט_נט_הקמת_לקוח_148295 -->
</testsuite> <!-- Sanity Test - Hot Net -->
