<?xml version="1.0" encoding="UTF-8"?>
<!-- Generated by org.testng.reporters.JUnitXMLReporter -->
<testsuite hostname="HOT-AutoSRV-01" ignored="0" name="SanityHotNet" tests="7" failures="0" timestamp="05 Dec 2017 07:33:10 GMT" time="515.492" errors="0">
  <testcase name="הוט_נט_הקמת_לקוח_פרטי_4803" time="153.726" classname="com.crm.tests.SanityHotNet"/>
  <testcase name="הוט_נט_הקמת_לקוח_עסקי_4803" time="148.516" classname="com.crm.tests.SanityHotNet"/>
  <testcase name="הוט_נט_הקמת_לקוח_בעזרת_דרכון_עם_הרשאה" time="8.625" classname="com.crm.tests.SanityHotNet"/>
  <testcase name="הוט_נט_הקמת_לקוח_הוראת_קבע" time="130.573" classname="com.crm.tests.SanityHotNet"/>
  <testcase name="הוט_נט_הקמת_לקוח_שובר" time="0.0" classname="com.crm.tests.SanityHotNet"/>
  <testcase name="הוט_נט_חיפוש_מתקדם_והקמת_לקוח" time="17.136" classname="com.crm.tests.SanityHotNet"/>
  <testcase name="הוט_נט_הקמת_לקוח_פרטי" time="17.149" classname="com.crm.tests.SanityHotNet"/>
</testsuite> <!-- SanityHotNet -->
