<?xml version="1.0" encoding="UTF-8"?>
<!-- Generated by org.testng.reporters.JUnitXMLReporter -->
<testsuite hostname="YKM-MIS-006" ignored="0" name="Sanity Test - Hot Net 1" tests="2" failures="1" timestamp="17 אוק 2017 12:03:29 GMT" time="220.217" errors="0">
  <testcase name="הוט_נט_הקמת_לקוח_148295" time="166.434" classname="com.crm.tests.SanityHotNet"/>
  <testcase name="הוט_נט_הקמת_לקוח_148295" time="5.3" classname="com.crm.tests.SanityHotNet">
    <failure/>
  </testcase> <!-- הוט_נט_הקמת_לקוח_148295 -->
</testsuite> <!-- Sanity Test - Hot Net 1 -->
