<?xml version="1.0" encoding="UTF-8"?>
<testng-results ignored="0" total="1" passed="1" failed="0" skipped="0">
  <reporter-output>
  </reporter-output>
  <suite started-at="2018-08-13T12:53:02Z" name="Default suite" finished-at="2018-08-13T12:53:18Z" duration-ms="15895">
    <groups>
    </groups>
    <test started-at="2018-08-13T12:53:02Z" name="Default test" finished-at="2018-08-13T12:53:18Z" duration-ms="15895">
      <class name="tests.UMSTests">
        <test-method is-config="true" signature="setup()[pri:0, instance:tests.UMSTests@8c3b9d]" started-at="2018-08-13T12:53:02Z" name="setup" finished-at="2018-08-13T12:53:07Z" duration-ms="4422" status="PASS">
          <reporter-output>
          </reporter-output>
        </test-method> <!-- setup -->
        <test-method signature="createOrganization()[pri:0, instance:tests.UMSTests@8c3b9d]" started-at="2018-08-13T12:53:07Z" name="createOrganization" finished-at="2018-08-13T12:53:18Z" duration-ms="11445" status="PASS">
          <reporter-output>
          </reporter-output>
        </test-method> <!-- createOrganization -->
      </class> <!-- tests.UMSTests -->
    </test> <!-- Default test -->
  </suite> <!-- Default suite -->
</testng-results>
