<?xml version="1.0" encoding="UTF-8"?>
<testng-results ignored="0" total="1" passed="1" failed="0" skipped="0">
  <reporter-output>
  </reporter-output>
  <suite started-at="2018-08-16T13:02:46Z" name="Default suite" finished-at="2018-08-16T13:03:01Z" duration-ms="15196">
    <groups>
    </groups>
    <test started-at="2018-08-16T13:02:46Z" name="Default test" finished-at="2018-08-16T13:03:01Z" duration-ms="15196">
      <class name="tests.UMSTests">
        <test-method is-config="true" signature="setup()[pri:0, instance:tests.UMSTests@8c3b9d]" started-at="2018-08-16T13:02:46Z" name="setup" finished-at="2018-08-16T13:02:50Z" duration-ms="4179" status="PASS">
          <reporter-output>
          </reporter-output>
        </test-method> <!-- setup -->
        <test-method signature="createOrganization()[pri:4, instance:tests.UMSTests@8c3b9d]" started-at="2018-08-16T13:02:50Z" name="createOrganization" finished-at="2018-08-16T13:03:01Z" duration-ms="10993" status="PASS">
          <reporter-output>
          </reporter-output>
        </test-method> <!-- createOrganization -->
      </class> <!-- tests.UMSTests -->
    </test> <!-- Default test -->
  </suite> <!-- Default suite -->
</testng-results>
