<?xml version="1.0" encoding="UTF-8"?>
<testng-results ignored="0" total="1" passed="1" failed="0" skipped="0">
  <reporter-output>
  </reporter-output>
  <suite started-at="2018-10-18T11:51:34Z" name="Default suite" finished-at="2018-10-18T11:51:48Z" duration-ms="14118">
    <groups>
    </groups>
    <test started-at="2018-10-18T11:51:34Z" name="Default test" finished-at="2018-10-18T11:51:48Z" duration-ms="14118">
      <class name="tests.LESTests">
        <test-method is-config="true" signature="setup()[pri:0, instance:tests.LESTests@6a2f6f80]" started-at="2018-10-18T11:51:34Z" name="setup" finished-at="2018-10-18T11:51:38Z" duration-ms="4626" status="PASS">
          <reporter-output>
          </reporter-output>
        </test-method> <!-- setup -->
        <test-method signature="createReport()[pri:5, instance:tests.LESTests@6a2f6f80]" started-at="2018-10-18T11:51:38Z" name="createReport" finished-at="2018-10-18T11:51:48Z" duration-ms="9472" status="PASS">
          <reporter-output>
          </reporter-output>
        </test-method> <!-- createReport -->
      </class> <!-- tests.LESTests -->
    </test> <!-- Default test -->
  </suite> <!-- Default suite -->
</testng-results>
